<!DOCTYPE html>

<html>
  <head>
  <meta charset='utf-8'>
  <title>TestNG reports</title>

    <link type="text/css" href="testng-reports.css" rel="stylesheet" />
    <script type="text/javascript" src="jquery-1.7.1.min.js"></script>
    <script type="text/javascript" src="testng-reports.js"></script>
    <script type="text/javascript" src="https://www.google.com/jsapi"></script>
    <script type='text/javascript'>
      google.load('visualization', '1', {packages:['table']});
      google.setOnLoadCallback(drawTable);
      var suiteTableInitFunctions = new Array();
      var suiteTableData = new Array();
    </script>
    <!--
      <script type="text/javascript" src="jquery-ui/js/jquery-ui-1.8.16.custom.min.js"></script>
     -->
  </head>

  <body>
    <div class="top-banner-root">
      <span class="top-banner-title-font">Test results</span>
      <br/>
      <span class="top-banner-font-1">1 suite, 6 failed tests</span>
    </div> <!-- top-banner-root -->
    <div class="navigator-root">
      <div class="navigator-suite-header">
        <span>All suites</span>
        <a href="#" class="collapse-all-link" title="Collapse/expand all the suites">
          <img class="collapse-all-icon" src="collapseall.gif">
          </img> <!-- collapse-all-icon -->
        </a> <!-- collapse-all-link -->
      </div> <!-- navigator-suite-header -->
      <div class="suite">
        <div class="rounded-window">
          <div class="suite-header light-rounded-window-top">
            <a href="#" class="navigator-link" panel-name="suite-home-module">
              <span class="suite-name border-failed">home-module</span>
            </a> <!-- navigator-link -->
          </div> <!-- suite-header light-rounded-window-top -->
          <div class="navigator-suite-content">
            <div class="suite-section-title">
              <span>Info</span>
            </div> <!-- suite-section-title -->
            <div class="suite-section-content">
              <ul>
                <li>
                  <a href="#" class="navigator-link " panel-name="test-xml-home-module">
                    <span>home.xml</span>
                  </a> <!-- navigator-link  -->
                </li>
                <li>
                  <a href="#" class="navigator-link " panel-name="testlist-home-module">
                    <span class="test-stats">1 test</span>
                  </a> <!-- navigator-link  -->
                </li>
                <li>
                  <a href="#" class="navigator-link " panel-name="group-home-module">
                    <span>0 groups</span>
                  </a> <!-- navigator-link  -->
                </li>
                <li>
                  <a href="#" class="navigator-link " panel-name="times-home-module">
                    <span>Times</span>
                  </a> <!-- navigator-link  -->
                </li>
                <li>
                  <a href="#" class="navigator-link " panel-name="reporter-home-module">
                    <span>Reporter output</span>
                  </a> <!-- navigator-link  -->
                </li>
                <li>
                  <a href="#" class="navigator-link " panel-name="ignored-methods-home-module">
                    <span>Ignored methods</span>
                  </a> <!-- navigator-link  -->
                </li>
                <li>
                  <a href="#" class="navigator-link " panel-name="chronological-home-module">
                    <span>Chronological view</span>
                  </a> <!-- navigator-link  -->
                </li>
              </ul>
            </div> <!-- suite-section-content -->
            <div class="result-section">
              <div class="suite-section-title">
                <span>Results</span>
              </div> <!-- suite-section-title -->
              <div class="suite-section-content">
                <ul>
                  <li>
                    <span class="method-stats">9 methods, 6 failed,   3 passed</span>
                  </li>
                  <li>
                    <span class="method-list-title failed">Failed methods</span>
                    <span class="show-or-hide-methods failed">
                      <a href="#" panel-name="suite-home-module" class="hide-methods failed suite-home-module"> (hide)</a> <!-- hide-methods failed suite-home-module -->
                      <a href="#" panel-name="suite-home-module" class="show-methods failed suite-home-module"> (show)</a> <!-- show-methods failed suite-home-module -->
                    </span>
                    <div class="method-list-content failed suite-home-module">
                      <span>
                        <img width="3%" src="failed.png"/>
                        <a href="#" class="method navigator-link" panel-name="suite-home-module" title="pra_package.PRA_Home" hash-for-method="By_pest_Probabity_of_entry">By_pest_Probabity_of_entry</a> <!-- method navigator-link -->
                      </span>
                      <br/>
                      <span>
                        <img width="3%" src="failed.png"/>
                        <a href="#" class="method navigator-link" panel-name="suite-home-module" title="pra_package.PRA_Home" hash-for-method="By_pest_delete_PRA">By_pest_delete_PRA</a> <!-- method navigator-link -->
                      </span>
                      <br/>
                      <span>
                        <img width="3%" src="failed.png"/>
                        <a href="#" class="method navigator-link" panel-name="suite-home-module" title="pra_package.PRA_Home" hash-for-method="Bypest_PRA_summary_screen">Bypest_PRA_summary_screen</a> <!-- method navigator-link -->
                      </span>
                      <br/>
                      <span>
                        <img width="3%" src="failed.png"/>
                        <a href="#" class="method navigator-link" panel-name="suite-home-module" title="pra_package.PRA_Home" hash-for-method="Bypest_download_PRA_report">Bypest_download_PRA_report</a> <!-- method navigator-link -->
                      </span>
                      <br/>
                      <span>
                        <img width="3%" src="failed.png"/>
                        <a href="#" class="method navigator-link" panel-name="suite-home-module" title="pra_package.PRA_Home" hash-for-method="Bypest_risk_management">Bypest_risk_management</a> <!-- method navigator-link -->
                      </span>
                      <br/>
                      <span>
                        <img width="3%" src="failed.png"/>
                        <a href="#" class="method navigator-link" panel-name="suite-home-module" title="pra_package.PRA_Home" hash-for-method="Bypest_riskassessment">Bypest_riskassessment</a> <!-- method navigator-link -->
                      </span>
                      <br/>
                    </div> <!-- method-list-content failed suite-home-module -->
                  </li>
                  <li>
                    <span class="method-list-title passed">Passed methods</span>
                    <span class="show-or-hide-methods passed">
                      <a href="#" panel-name="suite-home-module" class="hide-methods passed suite-home-module"> (hide)</a> <!-- hide-methods passed suite-home-module -->
                      <a href="#" panel-name="suite-home-module" class="show-methods passed suite-home-module"> (show)</a> <!-- show-methods passed suite-home-module -->
                    </span>
                    <div class="method-list-content passed suite-home-module">
                      <span>
                        <img width="3%" src="passed.png"/>
                        <a href="#" class="method navigator-link" panel-name="suite-home-module" title="pra_package.PRA_Home" hash-for-method="By_pest_cattegorization_tab">By_pest_cattegorization_tab</a> <!-- method navigator-link -->
                      </span>
                      <br/>
                      <span>
                        <img width="3%" src="passed.png"/>
                        <a href="#" class="method navigator-link" panel-name="suite-home-module" title="pra_package.PRA_Home" hash-for-method="By_pest_initiation">By_pest_initiation</a> <!-- method navigator-link -->
                      </span>
                      <br/>
                      <span>
                        <img width="3%" src="passed.png"/>
                        <a href="#" class="method navigator-link" panel-name="suite-home-module" title="pra_package.PRA_Home" hash-for-method="login_Test">login_Test</a> <!-- method navigator-link -->
                      </span>
                      <br/>
                    </div> <!-- method-list-content passed suite-home-module -->
                  </li>
                </ul>
              </div> <!-- suite-section-content -->
            </div> <!-- result-section -->
          </div> <!-- navigator-suite-content -->
        </div> <!-- rounded-window -->
      </div> <!-- suite -->
    </div> <!-- navigator-root -->
    <div class="wrapper">
      <div class="main-panel-root">
        <div panel-name="suite-home-module" class="panel home-module">
          <div class="suite-home-module-class-failed">
            <div class="main-panel-header rounded-window-top">
              <img src="failed.png"/>
              <span class="class-name">pra_package.PRA_Home</span>
            </div> <!-- main-panel-header rounded-window-top -->
            <div class="main-panel-content rounded-window-bottom">
              <div class="method">
                <div class="method-content">
                  <a name="By_pest_Probabity_of_entry">
                  </a> <!-- By_pest_Probabity_of_entry -->
                  <span class="method-name">By_pest_Probabity_of_entry</span>
                  <div class="stack-trace">org.openqa.selenium.InvalidArgumentException: invalid argument: File not found : /usr/share/data/fileabc.docx
  (Session info: chrome=88.0.4324.96)
Build info: version: &apos;3.141.59&apos;, revision: &apos;e82be7d358&apos;, time: &apos;2018-11-14T08:17:03&apos;
System info: host: &apos;7a46259266a7&apos;, ip: &apos;172.19.0.4&apos;, os.name: &apos;Linux&apos;, os.arch: &apos;amd64&apos;, os.version: &apos;4.19.121-linuxkit&apos;, java.version: &apos;1.8.0_191&apos;
Driver info: org.openqa.selenium.remote.RemoteWebDriver
Capabilities {acceptInsecureCerts: false, browserName: chrome, browserVersion: 88.0.4324.96, chrome: {chromedriverVersion: 88.0.4324.96 (68dba2d8a0b14..., userDataDir: /tmp/.com.google.Chrome.dI8Lly}, goog:chromeOptions: {debuggerAddress: localhost:34965}, javascriptEnabled: true, networkConnectionEnabled: false, pageLoadStrategy: normal, platform: LINUX, platformName: LINUX, proxy: Proxy(), setWindowRect: true, strictFileInteractability: false, timeouts: {implicit: 0, pageLoad: 300000, script: 30000}, unhandledPromptBehavior: dismiss and notify, webauthn:extension:largeBlob: true, webauthn:virtualAuthenticators: true, webdriver.remote.sessionid: 280cdd23157678c7f4bcbc8c023...}
Session ID: 280cdd23157678c7f4bcbc8c02394b7c
	at org.openqa.selenium.remote.http.W3CHttpResponseCodec.createException(W3CHttpResponseCodec.java:187)
	at org.openqa.selenium.remote.http.W3CHttpResponseCodec.decode(W3CHttpResponseCodec.java:122)
	at org.openqa.selenium.remote.http.W3CHttpResponseCodec.decode(W3CHttpResponseCodec.java:49)
	at org.openqa.selenium.remote.HttpCommandExecutor.execute(HttpCommandExecutor.java:158)
	at org.openqa.selenium.remote.RemoteWebDriver.execute(RemoteWebDriver.java:552)
	at org.openqa.selenium.remote.RemoteWebElement.execute(RemoteWebElement.java:285)
	at org.openqa.selenium.remote.RemoteWebElement.sendKeys(RemoteWebElement.java:106)
	at org.openqa.selenium.support.pagefactory.internal.LocatingElementHandler.invoke(LocatingElementHandler.java:51)
	at com.sun.proxy.$Proxy11.sendKeys(Unknown Source)
	at pra_child_classes.Bypest_Probability_of_entry.export_import(Bypest_Probability_of_entry.java:342)
	at pra_package.PRA_Home.By_pest_Probabity_of_entry(PRA_Home.java:196)
... Removed 31 stack frames
</div> <!-- stack-trace -->
                </div> <!-- method-content -->
              </div> <!-- method -->
              <div class="method">
                <div class="method-content">
                  <a name="By_pest_delete_PRA">
                  </a> <!-- By_pest_delete_PRA -->
                  <span class="method-name">By_pest_delete_PRA</span>
                  <div class="stack-trace">org.openqa.selenium.NoSuchElementException: no such element: Unable to locate element: {&quot;method&quot;:&quot;link text&quot;,&quot;selector&quot;:&quot;0_automation_PRA&quot;}
  (Session info: chrome=88.0.4324.96)
For documentation on this error, please visit: https://www.seleniumhq.org/exceptions/no_such_element.html
Build info: version: &apos;3.141.59&apos;, revision: &apos;e82be7d358&apos;, time: &apos;2018-11-14T08:17:03&apos;
System info: host: &apos;7a46259266a7&apos;, ip: &apos;172.19.0.4&apos;, os.name: &apos;Linux&apos;, os.arch: &apos;amd64&apos;, os.version: &apos;4.19.121-linuxkit&apos;, java.version: &apos;1.8.0_191&apos;
Driver info: org.openqa.selenium.remote.RemoteWebDriver
Capabilities {acceptInsecureCerts: false, browserName: chrome, browserVersion: 88.0.4324.96, chrome: {chromedriverVersion: 88.0.4324.96 (68dba2d8a0b14..., userDataDir: /tmp/.com.google.Chrome.dI8Lly}, goog:chromeOptions: {debuggerAddress: localhost:34965}, javascriptEnabled: true, networkConnectionEnabled: false, pageLoadStrategy: normal, platform: LINUX, platformName: LINUX, proxy: Proxy(), setWindowRect: true, strictFileInteractability: false, timeouts: {implicit: 0, pageLoad: 300000, script: 30000}, unhandledPromptBehavior: dismiss and notify, webauthn:extension:largeBlob: true, webauthn:virtualAuthenticators: true, webdriver.remote.sessionid: 280cdd23157678c7f4bcbc8c023...}
Session ID: 280cdd23157678c7f4bcbc8c02394b7c
*** Element info: {Using=link text, value=0_automation_PRA}
	at org.openqa.selenium.remote.http.W3CHttpResponseCodec.createException(W3CHttpResponseCodec.java:187)
	at org.openqa.selenium.remote.http.W3CHttpResponseCodec.decode(W3CHttpResponseCodec.java:122)
	at org.openqa.selenium.remote.http.W3CHttpResponseCodec.decode(W3CHttpResponseCodec.java:49)
	at org.openqa.selenium.remote.HttpCommandExecutor.execute(HttpCommandExecutor.java:158)
	at org.openqa.selenium.remote.RemoteWebDriver.execute(RemoteWebDriver.java:552)
	at org.openqa.selenium.remote.RemoteWebDriver.findElement(RemoteWebDriver.java:323)
	at org.openqa.selenium.remote.RemoteWebDriver.findElementByLinkText(RemoteWebDriver.java:380)
	at org.openqa.selenium.By$ByLinkText.findElement(By.java:220)
	at org.openqa.selenium.remote.RemoteWebDriver.findElement(RemoteWebDriver.java:315)
	at org.openqa.selenium.support.pagefactory.DefaultElementLocator.findElement(DefaultElementLocator.java:69)
	at org.openqa.selenium.support.pagefactory.internal.LocatingElementHandler.invoke(LocatingElementHandler.java:38)
	at com.sun.proxy.$Proxy11.click(Unknown Source)
	at pra_child_classes.Delete_bypest_pra.delete_PRA(Delete_bypest_pra.java:20)
	at pra_package.PRA_Home.By_pest_delete_PRA(PRA_Home.java:254)
... Removed 28 stack frames
</div> <!-- stack-trace -->
                </div> <!-- method-content -->
              </div> <!-- method -->
              <div class="method">
                <div class="method-content">
                  <a name="Bypest_PRA_summary_screen">
                  </a> <!-- Bypest_PRA_summary_screen -->
                  <span class="method-name">Bypest_PRA_summary_screen</span>
                  <div class="stack-trace">org.openqa.selenium.NoSuchElementException: no such element: Unable to locate element: {&quot;method&quot;:&quot;link text&quot;,&quot;selector&quot;:&quot;4. PRA summary&quot;}
  (Session info: chrome=88.0.4324.96)
For documentation on this error, please visit: https://www.seleniumhq.org/exceptions/no_such_element.html
Build info: version: &apos;3.141.59&apos;, revision: &apos;e82be7d358&apos;, time: &apos;2018-11-14T08:17:03&apos;
System info: host: &apos;7a46259266a7&apos;, ip: &apos;172.19.0.4&apos;, os.name: &apos;Linux&apos;, os.arch: &apos;amd64&apos;, os.version: &apos;4.19.121-linuxkit&apos;, java.version: &apos;1.8.0_191&apos;
Driver info: org.openqa.selenium.remote.RemoteWebDriver
Capabilities {acceptInsecureCerts: false, browserName: chrome, browserVersion: 88.0.4324.96, chrome: {chromedriverVersion: 88.0.4324.96 (68dba2d8a0b14..., userDataDir: /tmp/.com.google.Chrome.dI8Lly}, goog:chromeOptions: {debuggerAddress: localhost:34965}, javascriptEnabled: true, networkConnectionEnabled: false, pageLoadStrategy: normal, platform: LINUX, platformName: LINUX, proxy: Proxy(), setWindowRect: true, strictFileInteractability: false, timeouts: {implicit: 0, pageLoad: 300000, script: 30000}, unhandledPromptBehavior: dismiss and notify, webauthn:extension:largeBlob: true, webauthn:virtualAuthenticators: true, webdriver.remote.sessionid: 280cdd23157678c7f4bcbc8c023...}
Session ID: 280cdd23157678c7f4bcbc8c02394b7c
*** Element info: {Using=link text, value=4. PRA summary}
	at org.openqa.selenium.remote.http.W3CHttpResponseCodec.createException(W3CHttpResponseCodec.java:187)
	at org.openqa.selenium.remote.http.W3CHttpResponseCodec.decode(W3CHttpResponseCodec.java:122)
	at org.openqa.selenium.remote.http.W3CHttpResponseCodec.decode(W3CHttpResponseCodec.java:49)
	at org.openqa.selenium.remote.HttpCommandExecutor.execute(HttpCommandExecutor.java:158)
	at org.openqa.selenium.remote.RemoteWebDriver.execute(RemoteWebDriver.java:552)
	at org.openqa.selenium.remote.RemoteWebDriver.findElement(RemoteWebDriver.java:323)
	at org.openqa.selenium.remote.RemoteWebDriver.findElementByLinkText(RemoteWebDriver.java:380)
	at org.openqa.selenium.By$ByLinkText.findElement(By.java:220)
	at org.openqa.selenium.remote.RemoteWebDriver.findElement(RemoteWebDriver.java:315)
	at org.openqa.selenium.support.pagefactory.DefaultElementLocator.findElement(DefaultElementLocator.java:69)
	at org.openqa.selenium.support.pagefactory.internal.LocatingElementHandler.invoke(LocatingElementHandler.java:38)
	at com.sun.proxy.$Proxy11.click(Unknown Source)
	at pra_child_classes.Bypest_pra_summary.pra_summary(Bypest_pra_summary.java:33)
	at pra_package.PRA_Home.Bypest_PRA_summary_screen(PRA_Home.java:232)
... Removed 28 stack frames
</div> <!-- stack-trace -->
                </div> <!-- method-content -->
              </div> <!-- method -->
              <div class="method">
                <div class="method-content">
                  <a name="Bypest_download_PRA_report">
                  </a> <!-- Bypest_download_PRA_report -->
                  <span class="method-name">Bypest_download_PRA_report</span>
                  <div class="stack-trace">org.openqa.selenium.NoSuchElementException: no such element: Unable to locate element: {&quot;method&quot;:&quot;xpath&quot;,&quot;selector&quot;:&quot;//span[@class=&apos;glyphicon glyphicon-download-alt&apos;]&quot;}
  (Session info: chrome=88.0.4324.96)
For documentation on this error, please visit: https://www.seleniumhq.org/exceptions/no_such_element.html
Build info: version: &apos;3.141.59&apos;, revision: &apos;e82be7d358&apos;, time: &apos;2018-11-14T08:17:03&apos;
System info: host: &apos;7a46259266a7&apos;, ip: &apos;172.19.0.4&apos;, os.name: &apos;Linux&apos;, os.arch: &apos;amd64&apos;, os.version: &apos;4.19.121-linuxkit&apos;, java.version: &apos;1.8.0_191&apos;
Driver info: org.openqa.selenium.remote.RemoteWebDriver
Capabilities {acceptInsecureCerts: false, browserName: chrome, browserVersion: 88.0.4324.96, chrome: {chromedriverVersion: 88.0.4324.96 (68dba2d8a0b14..., userDataDir: /tmp/.com.google.Chrome.dI8Lly}, goog:chromeOptions: {debuggerAddress: localhost:34965}, javascriptEnabled: true, networkConnectionEnabled: false, pageLoadStrategy: normal, platform: LINUX, platformName: LINUX, proxy: Proxy(), setWindowRect: true, strictFileInteractability: false, timeouts: {implicit: 0, pageLoad: 300000, script: 30000}, unhandledPromptBehavior: dismiss and notify, webauthn:extension:largeBlob: true, webauthn:virtualAuthenticators: true, webdriver.remote.sessionid: 280cdd23157678c7f4bcbc8c023...}
Session ID: 280cdd23157678c7f4bcbc8c02394b7c
*** Element info: {Using=xpath, value=//span[@class=&apos;glyphicon glyphicon-download-alt&apos;]}
	at org.openqa.selenium.remote.http.W3CHttpResponseCodec.createException(W3CHttpResponseCodec.java:187)
	at org.openqa.selenium.remote.http.W3CHttpResponseCodec.decode(W3CHttpResponseCodec.java:122)
	at org.openqa.selenium.remote.http.W3CHttpResponseCodec.decode(W3CHttpResponseCodec.java:49)
	at org.openqa.selenium.remote.HttpCommandExecutor.execute(HttpCommandExecutor.java:158)
	at org.openqa.selenium.remote.RemoteWebDriver.execute(RemoteWebDriver.java:552)
	at org.openqa.selenium.remote.RemoteWebDriver.findElement(RemoteWebDriver.java:323)
	at org.openqa.selenium.remote.RemoteWebDriver.findElementByXPath(RemoteWebDriver.java:428)
	at org.openqa.selenium.By$ByXPath.findElement(By.java:353)
	at org.openqa.selenium.remote.RemoteWebDriver.findElement(RemoteWebDriver.java:315)
	at org.openqa.selenium.support.pagefactory.DefaultElementLocator.findElement(DefaultElementLocator.java:69)
	at org.openqa.selenium.support.pagefactory.internal.LocatingElementHandler.invoke(LocatingElementHandler.java:38)
	at com.sun.proxy.$Proxy11.click(Unknown Source)
	at pra_child_classes.Bypest_download_pra_report.HTML_report(Bypest_download_pra_report.java:24)
	at pra_package.PRA_Home.Bypest_download_PRA_report(PRA_Home.java:239)
... Removed 28 stack frames
</div> <!-- stack-trace -->
                </div> <!-- method-content -->
              </div> <!-- method -->
              <div class="method">
                <div class="method-content">
                  <a name="Bypest_risk_management">
                  </a> <!-- Bypest_risk_management -->
                  <span class="method-name">Bypest_risk_management</span>
                  <div class="stack-trace">org.openqa.selenium.NoSuchElementException: no such element: Unable to locate element: {&quot;method&quot;:&quot;xpath&quot;,&quot;selector&quot;:&quot;//h1[@class=&apos;tab-header&apos;]&quot;}
  (Session info: chrome=88.0.4324.96)
For documentation on this error, please visit: https://www.seleniumhq.org/exceptions/no_such_element.html
Build info: version: &apos;3.141.59&apos;, revision: &apos;e82be7d358&apos;, time: &apos;2018-11-14T08:17:03&apos;
System info: host: &apos;7a46259266a7&apos;, ip: &apos;172.19.0.4&apos;, os.name: &apos;Linux&apos;, os.arch: &apos;amd64&apos;, os.version: &apos;4.19.121-linuxkit&apos;, java.version: &apos;1.8.0_191&apos;
Driver info: org.openqa.selenium.remote.RemoteWebDriver
Capabilities {acceptInsecureCerts: false, browserName: chrome, browserVersion: 88.0.4324.96, chrome: {chromedriverVersion: 88.0.4324.96 (68dba2d8a0b14..., userDataDir: /tmp/.com.google.Chrome.dI8Lly}, goog:chromeOptions: {debuggerAddress: localhost:34965}, javascriptEnabled: true, networkConnectionEnabled: false, pageLoadStrategy: normal, platform: LINUX, platformName: LINUX, proxy: Proxy(), setWindowRect: true, strictFileInteractability: false, timeouts: {implicit: 0, pageLoad: 300000, script: 30000}, unhandledPromptBehavior: dismiss and notify, webauthn:extension:largeBlob: true, webauthn:virtualAuthenticators: true, webdriver.remote.sessionid: 280cdd23157678c7f4bcbc8c023...}
Session ID: 280cdd23157678c7f4bcbc8c02394b7c
*** Element info: {Using=xpath, value=//h1[@class=&apos;tab-header&apos;]}
	at org.openqa.selenium.remote.http.W3CHttpResponseCodec.createException(W3CHttpResponseCodec.java:187)
	at org.openqa.selenium.remote.http.W3CHttpResponseCodec.decode(W3CHttpResponseCodec.java:122)
	at org.openqa.selenium.remote.http.W3CHttpResponseCodec.decode(W3CHttpResponseCodec.java:49)
	at org.openqa.selenium.remote.HttpCommandExecutor.execute(HttpCommandExecutor.java:158)
	at org.openqa.selenium.remote.RemoteWebDriver.execute(RemoteWebDriver.java:552)
	at org.openqa.selenium.remote.RemoteWebDriver.findElement(RemoteWebDriver.java:323)
	at org.openqa.selenium.remote.RemoteWebDriver.findElementByXPath(RemoteWebDriver.java:428)
	at org.openqa.selenium.By$ByXPath.findElement(By.java:353)
	at org.openqa.selenium.remote.RemoteWebDriver.findElement(RemoteWebDriver.java:315)
	at org.openqa.selenium.support.pagefactory.DefaultElementLocator.findElement(DefaultElementLocator.java:69)
	at org.openqa.selenium.support.pagefactory.internal.LocatingElementHandler.invoke(LocatingElementHandler.java:38)
	at com.sun.proxy.$Proxy11.getText(Unknown Source)
	at pra_child_classes.Risk_management.risk_management_form(Risk_management.java:34)
	at pra_package.PRA_Home.Bypest_risk_management(PRA_Home.java:225)
... Removed 28 stack frames
</div> <!-- stack-trace -->
                </div> <!-- method-content -->
              </div> <!-- method -->
              <div class="method">
                <div class="method-content">
                  <a name="Bypest_riskassessment">
                  </a> <!-- Bypest_riskassessment -->
                  <span class="method-name">Bypest_riskassessment</span>
                  <div class="stack-trace">org.openqa.selenium.NoSuchElementException: no such element: Unable to locate element: {&quot;method&quot;:&quot;xpath&quot;,&quot;selector&quot;:&quot;//body[@data-id=&apos;Questions_0__Notes&apos;]//p&quot;}
  (Session info: chrome=88.0.4324.96)
For documentation on this error, please visit: https://www.seleniumhq.org/exceptions/no_such_element.html
Build info: version: &apos;3.141.59&apos;, revision: &apos;e82be7d358&apos;, time: &apos;2018-11-14T08:17:03&apos;
System info: host: &apos;7a46259266a7&apos;, ip: &apos;172.19.0.4&apos;, os.name: &apos;Linux&apos;, os.arch: &apos;amd64&apos;, os.version: &apos;4.19.121-linuxkit&apos;, java.version: &apos;1.8.0_191&apos;
Driver info: org.openqa.selenium.remote.RemoteWebDriver
Capabilities {acceptInsecureCerts: false, browserName: chrome, browserVersion: 88.0.4324.96, chrome: {chromedriverVersion: 88.0.4324.96 (68dba2d8a0b14..., userDataDir: /tmp/.com.google.Chrome.dI8Lly}, goog:chromeOptions: {debuggerAddress: localhost:34965}, javascriptEnabled: true, networkConnectionEnabled: false, pageLoadStrategy: normal, platform: LINUX, platformName: LINUX, proxy: Proxy(), setWindowRect: true, strictFileInteractability: false, timeouts: {implicit: 0, pageLoad: 300000, script: 30000}, unhandledPromptBehavior: dismiss and notify, webauthn:extension:largeBlob: true, webauthn:virtualAuthenticators: true, webdriver.remote.sessionid: 280cdd23157678c7f4bcbc8c023...}
Session ID: 280cdd23157678c7f4bcbc8c02394b7c
*** Element info: {Using=xpath, value=//body[@data-id=&apos;Questions_0__Notes&apos;]//p}
	at org.openqa.selenium.remote.http.W3CHttpResponseCodec.createException(W3CHttpResponseCodec.java:187)
	at org.openqa.selenium.remote.http.W3CHttpResponseCodec.decode(W3CHttpResponseCodec.java:122)
	at org.openqa.selenium.remote.http.W3CHttpResponseCodec.decode(W3CHttpResponseCodec.java:49)
	at org.openqa.selenium.remote.HttpCommandExecutor.execute(HttpCommandExecutor.java:158)
	at org.openqa.selenium.remote.RemoteWebDriver.execute(RemoteWebDriver.java:552)
	at org.openqa.selenium.remote.RemoteWebDriver.findElement(RemoteWebDriver.java:323)
	at org.openqa.selenium.remote.RemoteWebDriver.findElementByXPath(RemoteWebDriver.java:428)
	at org.openqa.selenium.By$ByXPath.findElement(By.java:353)
	at org.openqa.selenium.remote.RemoteWebDriver.findElement(RemoteWebDriver.java:315)
	at org.openqa.selenium.support.pagefactory.DefaultElementLocator.findElement(DefaultElementLocator.java:69)
	at org.openqa.selenium.support.pagefactory.internal.LocatingElementHandler.invoke(LocatingElementHandler.java:38)
	at com.sun.proxy.$Proxy11.sendKeys(Unknown Source)
	at pra_child_classes.Risk_assessment.text_enter(Risk_assessment.java:123)
	at pra_child_classes.Risk_assessment.by_pest_risk_assessment(Risk_assessment.java:42)
	at pra_package.PRA_Home.Bypest_riskassessment(PRA_Home.java:215)
... Removed 28 stack frames
</div> <!-- stack-trace -->
                </div> <!-- method-content -->
              </div> <!-- method -->
            </div> <!-- main-panel-content rounded-window-bottom -->
          </div> <!-- suite-home-module-class-failed -->
          <div class="suite-home-module-class-passed">
            <div class="main-panel-header rounded-window-top">
              <img src="passed.png"/>
              <span class="class-name">pra_package.PRA_Home</span>
            </div> <!-- main-panel-header rounded-window-top -->
            <div class="main-panel-content rounded-window-bottom">
              <div class="method">
                <div class="method-content">
                  <a name="By_pest_cattegorization_tab">
                  </a> <!-- By_pest_cattegorization_tab -->
                  <span class="method-name">By_pest_cattegorization_tab</span>
                </div> <!-- method-content -->
              </div> <!-- method -->
              <div class="method">
                <div class="method-content">
                  <a name="By_pest_initiation">
                  </a> <!-- By_pest_initiation -->
                  <span class="method-name">By_pest_initiation</span>
                </div> <!-- method-content -->
              </div> <!-- method -->
              <div class="method">
                <div class="method-content">
                  <a name="login_Test">
                  </a> <!-- login_Test -->
                  <span class="method-name">login_Test</span>
                </div> <!-- method-content -->
              </div> <!-- method -->
            </div> <!-- main-panel-content rounded-window-bottom -->
          </div> <!-- suite-home-module-class-passed -->
        </div> <!-- panel home-module -->
        <div panel-name="test-xml-home-module" class="panel">
          <div class="main-panel-header rounded-window-top">
            <span class="header-content">/usr/share/data/home.xml</span>
          </div> <!-- main-panel-header rounded-window-top -->
          <div class="main-panel-content rounded-window-bottom">
            <pre>
&lt;?xml version=&quot;1.0&quot; encoding=&quot;UTF-8&quot;?&gt;
&lt;!DOCTYPE suite SYSTEM &quot;http://testng.org/testng-1.0.dtd&quot;&gt;
&lt;suite configfailurepolicy=&quot;continue&quot; guice-stage=&quot;DEVELOPMENT&quot; name=&quot;home-module&quot;&gt;
  &lt;test thread-count=&quot;5&quot; name=&quot;home-module&quot;&gt;
    &lt;classes&gt;
      &lt;class name=&quot;pra_package.PRA_Home&quot;/&gt;
    &lt;/classes&gt;
  &lt;/test&gt; &lt;!-- home-module --&gt;
&lt;/suite&gt; &lt;!-- home-module --&gt;
            </pre>
          </div> <!-- main-panel-content rounded-window-bottom -->
        </div> <!-- panel -->
        <div panel-name="testlist-home-module" class="panel">
          <div class="main-panel-header rounded-window-top">
            <span class="header-content">Tests for home-module</span>
          </div> <!-- main-panel-header rounded-window-top -->
          <div class="main-panel-content rounded-window-bottom">
            <ul>
              <li>
                <span class="test-name">home-module (1 class)</span>
              </li>
            </ul>
          </div> <!-- main-panel-content rounded-window-bottom -->
        </div> <!-- panel -->
        <div panel-name="group-home-module" class="panel">
          <div class="main-panel-header rounded-window-top">
            <span class="header-content">Groups for home-module</span>
          </div> <!-- main-panel-header rounded-window-top -->
          <div class="main-panel-content rounded-window-bottom">
          </div> <!-- main-panel-content rounded-window-bottom -->
        </div> <!-- panel -->
        <div panel-name="times-home-module" class="panel">
          <div class="main-panel-header rounded-window-top">
            <span class="header-content">Times for home-module</span>
          </div> <!-- main-panel-header rounded-window-top -->
          <div class="main-panel-content rounded-window-bottom">
            <div class="times-div">
              <script type="text/javascript">
suiteTableInitFunctions.push('tableData_home-module');
function tableData_home-module() {
var data = new google.visualization.DataTable();
data.addColumn('number', 'Number');
data.addColumn('string', 'Method');
data.addColumn('string', 'Class');
data.addColumn('number', 'Time (ms)');
data.addRows(9);
data.setCell(0, 0, 0)
data.setCell(0, 1, 'By_pest_Probabity_of_entry')
data.setCell(0, 2, 'pra_package.PRA_Home')
data.setCell(0, 3, 261247);
data.setCell(1, 0, 1)
data.setCell(1, 1, 'By_pest_cattegorization_tab')
data.setCell(1, 2, 'pra_package.PRA_Home')
data.setCell(1, 3, 125770);
data.setCell(2, 0, 2)
data.setCell(2, 1, 'By_pest_initiation')
data.setCell(2, 2, 'pra_package.PRA_Home')
data.setCell(2, 3, 115987);
data.setCell(3, 0, 3)
data.setCell(3, 1, 'login_Test')
data.setCell(3, 2, 'pra_package.PRA_Home')
data.setCell(3, 3, 33166);
data.setCell(4, 0, 4)
data.setCell(4, 1, 'Bypest_PRA_summary_screen')
data.setCell(4, 2, 'pra_package.PRA_Home')
data.setCell(4, 3, 4032);
data.setCell(5, 0, 5)
data.setCell(5, 1, 'Bypest_riskassessment')
data.setCell(5, 2, 'pra_package.PRA_Home')
data.setCell(5, 3, 2157);
data.setCell(6, 0, 6)
data.setCell(6, 1, 'Bypest_download_PRA_report')
data.setCell(6, 2, 'pra_package.PRA_Home')
data.setCell(6, 3, 2031);
data.setCell(7, 0, 7)
data.setCell(7, 1, 'Bypest_risk_management')
data.setCell(7, 2, 'pra_package.PRA_Home')
data.setCell(7, 3, 29);
data.setCell(8, 0, 8)
data.setCell(8, 1, 'By_pest_delete_PRA')
data.setCell(8, 2, 'pra_package.PRA_Home')
data.setCell(8, 3, 28);
window.suiteTableData['home-module']= { tableData: data, tableDiv: 'times-div-home-module'}
return data;
}
              </script>
              <span class="suite-total-time">Total running time: 9 minutes</span>
              <div id="times-div-home-module">
              </div> <!-- times-div-home-module -->
            </div> <!-- times-div -->
          </div> <!-- main-panel-content rounded-window-bottom -->
        </div> <!-- panel -->
        <div panel-name="reporter-home-module" class="panel">
          <div class="main-panel-header rounded-window-top">
            <span class="header-content">Reporter output for home-module</span>
          </div> <!-- main-panel-header rounded-window-top -->
          <div class="main-panel-content rounded-window-bottom">
          </div> <!-- main-panel-content rounded-window-bottom -->
        </div> <!-- panel -->
        <div panel-name="ignored-methods-home-module" class="panel">
          <div class="main-panel-header rounded-window-top">
            <span class="header-content">0 ignored methods</span>
          </div> <!-- main-panel-header rounded-window-top -->
          <div class="main-panel-content rounded-window-bottom">
          </div> <!-- main-panel-content rounded-window-bottom -->
        </div> <!-- panel -->
        <div panel-name="chronological-home-module" class="panel">
          <div class="main-panel-header rounded-window-top">
            <span class="header-content">Methods in chronological order</span>
          </div> <!-- main-panel-header rounded-window-top -->
          <div class="main-panel-content rounded-window-bottom">
            <div class="chronological-class">
              <div class="chronological-class-name">pra_package.PRA_Home</div> <!-- chronological-class-name -->
              <div class="configuration-suite before">
                <span class="method-name">initialization_browser_opening</span>
                <span class="method-start">0 ms</span>
              </div> <!-- configuration-suite before -->
              <div class="test-method">
                <span class="method-name">login_Test</span>
                <span class="method-start">56458 ms</span>
              </div> <!-- test-method -->
              <div class="configuration-method after">
                <span class="method-name">fail_testcase([TestResult name=login_Test status=SUCCESS method=PRA_Home.login_Test()[pri:2, instance:pra_package....)</span>
                <span class="method-start">89625 ms</span>
              </div> <!-- configuration-method after -->
              <div class="test-method">
                <span class="method-name">By_pest_initiation</span>
                <span class="method-start">89765 ms</span>
              </div> <!-- test-method -->
              <div class="configuration-method after">
                <span class="method-name">fail_testcase([TestResult name=By_pest_initiation status=SUCCESS method=PRA_Home.By_pest_initiation()[pri:15, inst...)</span>
                <span class="method-start">205752 ms</span>
              </div> <!-- configuration-method after -->
              <div class="test-method">
                <span class="method-name">By_pest_cattegorization_tab</span>
                <span class="method-start">205754 ms</span>
              </div> <!-- test-method -->
              <div class="configuration-method after">
                <span class="method-name">fail_testcase([TestResult name=By_pest_cattegorization_tab status=SUCCESS method=PRA_Home.By_pest_cattegorization_...)</span>
                <span class="method-start">331525 ms</span>
              </div> <!-- configuration-method after -->
              <div class="test-method">
                <img src="failed.png">
                </img>
                <span class="method-name">By_pest_Probabity_of_entry</span>
                <span class="method-start">331526 ms</span>
              </div> <!-- test-method -->
              <div class="configuration-method after">
                <span class="method-name">fail_testcase([TestResult name=By_pest_Probabity_of_entry status=FAILURE method=PRA_Home.By_pest_Probabity_of_entr...)</span>
                <span class="method-start">592774 ms</span>
              </div> <!-- configuration-method after -->
              <div class="test-method">
                <img src="failed.png">
                </img>
                <span class="method-name">Bypest_riskassessment</span>
                <span class="method-start">593098 ms</span>
              </div> <!-- test-method -->
              <div class="configuration-method after">
                <span class="method-name">fail_testcase([TestResult name=Bypest_riskassessment status=FAILURE method=PRA_Home.Bypest_riskassessment()[pri:18...)</span>
                <span class="method-start">595255 ms</span>
              </div> <!-- configuration-method after -->
              <div class="test-method">
                <img src="failed.png">
                </img>
                <span class="method-name">Bypest_risk_management</span>
                <span class="method-start">595523 ms</span>
              </div> <!-- test-method -->
              <div class="configuration-method after">
                <span class="method-name">fail_testcase([TestResult name=Bypest_risk_management status=FAILURE method=PRA_Home.Bypest_risk_management()[pri:...)</span>
                <span class="method-start">595553 ms</span>
              </div> <!-- configuration-method after -->
              <div class="test-method">
                <img src="failed.png">
                </img>
                <span class="method-name">Bypest_PRA_summary_screen</span>
                <span class="method-start">595847 ms</span>
              </div> <!-- test-method -->
              <div class="configuration-method after">
                <span class="method-name">fail_testcase([TestResult name=Bypest_PRA_summary_screen status=FAILURE method=PRA_Home.Bypest_PRA_summary_screen(...)</span>
                <span class="method-start">599879 ms</span>
              </div> <!-- configuration-method after -->
              <div class="test-method">
                <img src="failed.png">
                </img>
                <span class="method-name">Bypest_download_PRA_report</span>
                <span class="method-start">600132 ms</span>
              </div> <!-- test-method -->
              <div class="configuration-method after">
                <span class="method-name">fail_testcase([TestResult name=Bypest_download_PRA_report status=FAILURE method=PRA_Home.Bypest_download_PRA_repor...)</span>
                <span class="method-start">602163 ms</span>
              </div> <!-- configuration-method after -->
              <div class="test-method">
                <img src="failed.png">
                </img>
                <span class="method-name">By_pest_delete_PRA</span>
                <span class="method-start">602406 ms</span>
              </div> <!-- test-method -->
              <div class="configuration-method after">
                <span class="method-name">fail_testcase([TestResult name=By_pest_delete_PRA status=FAILURE method=PRA_Home.By_pest_delete_PRA()[pri:22, inst...)</span>
                <span class="method-start">602434 ms</span>
              </div> <!-- configuration-method after -->
              <div class="configuration-suite after">
                <span class="method-name">teardown_browerclosing</span>
                <span class="method-start">602761 ms</span>
              </div> <!-- configuration-suite after -->
          </div> <!-- main-panel-content rounded-window-bottom -->
        </div> <!-- panel -->
      </div> <!-- main-panel-root -->
    </div> <!-- wrapper -->
  </body>
</html>
